<?xml version="1.0" encoding="UTF-8"?>
<!-- Generated by org.testng.reporters.JUnitXMLReporter -->
<testsuite ignored="0" hostname="abby" failures="0" tests="4" name="Default test" time="282.941" errors="0" timestamp="2022-01-10T09:30:27 IST">
  <testcase classname="saucelabs_testcases.AllTheThingsTest" name="checkMobileBetaTestSol" time="74.556"/>
  <testcase classname="saucelabs_testcases.AllTheThingsTest" name="checkApiTestSol" time="59.883"/>
  <testcase classname="saucelabs_testcases.AllTheThingsTest" name="checkUiTestSol" time="73.421"/>
  <testcase classname="saucelabs_testcases.AllTheThingsTest" name="checkAutomationTestSol" time="67.297"/>
</testsuite> <!-- Default test -->
