<?xml version="1.0" encoding="UTF-8"?>
<!-- Generated by org.testng.reporters.JUnitXMLReporter -->
<testsuite ignored="0" hostname="abby" failures="0" tests="4" name="Default test" time="216.182" errors="0" timestamp="2021-12-28T16:38:18 IST">
  <testcase classname="saucelabs_testcases.AllTheThingsTest" name="checkMobileBetaTestSol" time="35.805"/>
  <testcase classname="saucelabs_testcases.AllTheThingsTest" name="checkApiTestSol" time="53.808"/>
  <testcase classname="saucelabs_testcases.AllTheThingsTest" name="checkUiTestSol" time="56.732"/>
  <testcase classname="saucelabs_testcases.AllTheThingsTest" name="checkAutomationTestSol" time="61.556"/>
</testsuite> <!-- Default test -->
