<?xml version="1.0" encoding="UTF-8"?>
<!-- Generated by org.testng.reporters.JUnitXMLReporter -->
<testsuite ignored="0" hostname="abby" failures="0" tests="5" name="Test" time="340.501" errors="0" timestamp="2021-12-20T18:37:13 IST">
  <testcase classname="saucelabs_testcases.ZoneTest" name="checkZontTest" time="76.314"/>
  <testcase classname="saucelabs_testcases.PricingTest" name="checkPricing" time="80.958"/>
  <testcase classname="saucelabs_testcases.VerifyValidLogin" name="checkValidUser" time="45.607"/>
  <testcase classname="saucelabs_testcases.ContactSalesTest" name="checkContactSalesTestSol" time="78.918"/>
  <testcase classname="saucelabs_testcases.TryItFreeHomeTest" name="checkTryHomeTestSol" time="48.798"/>
</testsuite> <!-- Test -->
