<?xml version="1.0" encoding="UTF-8"?>
<!-- Generated by org.testng.reporters.JUnitXMLReporter -->
<testsuite ignored="2" hostname="abby" failures="2" tests="15" name="Test" time="950.799" errors="0" timestamp="2021-12-16T15:13:48 IST">
  <testcase classname="saucelabs_testcases.AutomatedTest" name="checkAutomated" time="66.509"/>
  <testcase classname="saucelabs_testcases.CompanyCareerTest" name="checkCareer" time="57.451"/>
  <testcase classname="saucelabs_testcases.CompanyTest" name="checkCom" time="61.832"/>
  <testcase classname="saucelabs_testcases.ContactTest" name="checkContact" time="71.308"/>
  <testcase classname="saucelabs_testcases.ContinuosTest" name="checkContinuous" time="75.494"/>
  <testcase classname="saucelabs_testcases.FuncionalityTest" name="checkFunctions" time="54.992"/>
  <testcase classname="saucelabs_testcases.Live" name="checkLive" time="47.65"/>
  <testcase classname="saucelabs_testcases.NavbarTest" name="checkNav" time="66.235"/>
  <testcase classname="saucelabs_testcases.PlatformTest" name="checkPlatform" time="55.893"/>
  <testcase classname="saucelabs_testcases.PricingTest" name="checkPricing" time="49.967">
    <failure type="org.openqa.selenium.ElementClickInterceptedException" message="element click intercepted: Element &amp;lt;select class=&amp;quot;browser-default&amp;quot; data-filter-category=&amp;quot;count&amp;quot; data-ta=&amp;quot;select&amp;quot; data-tc=&amp;quot;Pricing Wizard&amp;quot;&amp;gt;...&amp;lt;/select&amp;gt; is not clickable at point (627, 489). Other element would receive the click: &amp;lt;section class=&amp;quot;section section-switch has-inset-shadow-top is-paddingless-bottom&amp;quot;&amp;gt;...&amp;lt;/section&amp;gt;
  (Session info: chrome=96.0.4664.110)
Build info: version: &amp;apos;4.0.0&amp;apos;, revision: &amp;apos;3a21814679&amp;apos;
System info: host: &amp;apos;ABBY&amp;apos;, ip: &amp;apos;169.254.150.134&amp;apos;, os.name: &amp;apos;Windows 10&amp;apos;, os.arch: &amp;apos;amd64&amp;apos;, os.version: &amp;apos;10.0&amp;apos;, java.version: &amp;apos;11.0.4&amp;apos;
Driver info: org.openqa.selenium.chrome.ChromeDriver
Command: [404d7ce9d2dc70da118e36cc5d631120, clickElement {id=3efb9821-dfbc-4f63-b6e9-1a767baf2890}]
Capabilities {acceptInsecureCerts: false, browserName: chrome, browserVersion: 96.0.4664.110, chrome: {chromedriverVersion: 96.0.4664.45 (76e4c1bb2ab46..., userDataDir: C:\Users\ACER\AppData\Local...}, goog:chromeOptions: {debuggerAddress: localhost:63161}, javascriptEnabled: true, networkConnectionEnabled: false, pageLoadStrategy: normal, platform: WINDOWS, platformName: WINDOWS, proxy: Proxy(), se:cdp: ws://localhost:63161/devtoo..., se:cdpVersion: 96.0.4664.110, setWindowRect: true, strictFileInteractability: false, timeouts: {implicit: 0, pageLoad: 300000, script: 30000}, unhandledPromptBehavior: dismiss and notify, webauthn:extension:credBlob: true, webauthn:extension:largeBlob: true, webauthn:virtualAuthenticators: true}
Element: [[ChromeDriver: chrome on WINDOWS (404d7ce9d2dc70da118e36cc5d631120)] -&amp;gt; xpath: (//select[@class=&amp;apos;browser-default&amp;apos;])[1]]
Session ID: 404d7ce9d2dc70da118e36cc5d631120">
      <![CDATA[org.openqa.selenium.ElementClickInterceptedException: element click intercepted: Element <select class="browser-default" data-filter-category="count" data-ta="select" data-tc="Pricing Wizard">...</select> is not clickable at point (627, 489). Other element would receive the click: <section class="section section-switch has-inset-shadow-top is-paddingless-bottom">...</section>
  (Session info: chrome=96.0.4664.110)
Build info: version: '4.0.0', revision: '3a21814679'
System info: host: 'ABBY', ip: '169.254.150.134', os.name: 'Windows 10', os.arch: 'amd64', os.version: '10.0', java.version: '11.0.4'
Driver info: org.openqa.selenium.chrome.ChromeDriver
Command: [404d7ce9d2dc70da118e36cc5d631120, clickElement {id=3efb9821-dfbc-4f63-b6e9-1a767baf2890}]
Capabilities {acceptInsecureCerts: false, browserName: chrome, browserVersion: 96.0.4664.110, chrome: {chromedriverVersion: 96.0.4664.45 (76e4c1bb2ab46..., userDataDir: C:\Users\ACER\AppData\Local...}, goog:chromeOptions: {debuggerAddress: localhost:63161}, javascriptEnabled: true, networkConnectionEnabled: false, pageLoadStrategy: normal, platform: WINDOWS, platformName: WINDOWS, proxy: Proxy(), se:cdp: ws://localhost:63161/devtoo..., se:cdpVersion: 96.0.4664.110, setWindowRect: true, strictFileInteractability: false, timeouts: {implicit: 0, pageLoad: 300000, script: 30000}, unhandledPromptBehavior: dismiss and notify, webauthn:extension:credBlob: true, webauthn:extension:largeBlob: true, webauthn:virtualAuthenticators: true}
Element: [[ChromeDriver: chrome on WINDOWS (404d7ce9d2dc70da118e36cc5d631120)] -> xpath: (//select[@class='browser-default'])[1]]
Session ID: 404d7ce9d2dc70da118e36cc5d631120
at org.openqa.selenium.remote.codec.w3c.W3CHttpResponseCodec.createException(W3CHttpResponseCodec.java:200)
at org.openqa.selenium.remote.codec.w3c.W3CHttpResponseCodec.decode(W3CHttpResponseCodec.java:133)
at org.openqa.selenium.remote.codec.w3c.W3CHttpResponseCodec.decode(W3CHttpResponseCodec.java:53)
at org.openqa.selenium.remote.HttpCommandExecutor.execute(HttpCommandExecutor.java:184)
at org.openqa.selenium.remote.service.DriverCommandExecutor.invokeExecute(DriverCommandExecutor.java:164)
at org.openqa.selenium.remote.service.DriverCommandExecutor.execute(DriverCommandExecutor.java:139)
at org.openqa.selenium.remote.RemoteWebDriver.execute(RemoteWebDriver.java:559)
at org.openqa.selenium.remote.RemoteWebElement.execute(RemoteWebElement.java:251)
at org.openqa.selenium.remote.RemoteWebElement.click(RemoteWebElement.java:77)
at org.openqa.selenium.support.pagefactory.internal.LocatingElementHandler.invoke(LocatingElementHandler.java:52)
at com.sun.proxy.$Proxy16.click(Unknown Source)
at saucelabs_Pages.Pricing.checkPricingSolutions(Pricing.java:51)
at saucelabs_testcases.PricingTest.checkPricing(PricingTest.java:27)
at java.base/java.util.ArrayList.forEach(ArrayList.java:1540)
... Removed 34 stack frames]]>
    </failure>
  </testcase> <!-- checkPricing -->
  <testcase classname="saucelabs_testcases.SauceappTest" name="checkSauce" time="63.998"/>
  <testcase classname="saucelabs_testcases.SolutionsTest" name="checkSol" time="66.767"/>
  <testcase classname="saucelabs_testcases.SupportedIntegrationsTest" name="checkIntegrations" time="59.232"/>
  <testcase classname="saucelabs_testcases.TryItFreeTest" name="checkTrySol" time="48.322"/>
  <testcase classname="saucelabs_testcases.UsageTest" name="checkUsageTest" time="74.338">
    <failure type="java.lang.AssertionError" message="Write your custom error message">
      <![CDATA[java.lang.AssertionError: Write your custom error message
at saucelabs_testcases.UsageTest.checkUsageTest(UsageTest.java:41)
at java.base/java.util.ArrayList.forEach(ArrayList.java:1540)
... Removed 28 stack frames]]>
    </failure>
  </testcase> <!-- checkUsageTest -->
  <testcase classname="saucelabs_testcases.ZoneTest" name="checkZontTest" time="0.0">
    <ignored/>
  </testcase> <!-- checkZontTest -->
  <testcase classname="saucelabs_testcases.VerifyValidLogin" name="checkValidUser" time="0.0">
    <ignored/>
  </testcase> <!-- checkValidUser -->
</testsuite> <!-- Test -->
