<?xml version="1.0" encoding="UTF-8"?>
<testng-results ignored="0" total="1" passed="1" failed="0" skipped="0">
  <reporter-output>
  </reporter-output>
  <suite started-at="2021-12-06T10:12:48 IST" name="Default suite" finished-at="2021-12-06T10:13:52 IST" duration-ms="63531">
    <groups>
    </groups>
    <test started-at="2021-12-06T10:12:48 IST" name="Default test" finished-at="2021-12-06T10:13:52 IST" duration-ms="63531">
      <class name="saucelabs_testcases.CompanyCareerTest">
        <test-method signature="checkSol()[pri:0, instance:saucelabs_testcases.CompanyCareerTest@28f2a10f]" started-at="2021-12-06T10:12:48 IST" name="checkSol" finished-at="2021-12-06T10:13:52 IST" duration-ms="63393" status="PASS">
          <reporter-output>
          </reporter-output>
        </test-method> <!-- checkSol -->
      </class> <!-- saucelabs_testcases.CompanyCareerTest -->
    </test> <!-- Default test -->
  </suite> <!-- Default suite -->
</testng-results>
